2024-03-16 05:12:53 DEBUG BrowserUitl.getDriver():11 - testing
2024-03-16 05:12:53 DEBUG BrowserUitl.getDriver():22 - Launching the browser driver of type :=null
2024-03-16 05:12:53 DEBUG BrowserUitl.getDriver():24 - Browser value is null. So launching the browser with default as firefox
2024-03-16 05:12:56 DEBUG BrowserUitl.getDriver():11 - testing
2024-03-16 05:12:56 DEBUG BrowserUitl.getDriver():12 - Start - You are in the method WebActions.openUrl()
2024-03-16 05:12:57 DEBUG BrowserUitl.getDriver():15 - End - You are in the method WebActions.openUrl()
2024-03-16 05:22:21 DEBUG BrowserUitl.getDriver():11 - testing
2024-03-16 05:22:21 DEBUG BrowserUitl.getDriver():22 - Launching the browser driver of type :=null
2024-03-16 05:22:21 DEBUG BrowserUitl.getDriver():24 - Browser value is null. So launching the browser with default as firefox
2024-03-16 05:22:24 DEBUG BrowserUitl.getDriver():11 - testing
2024-03-16 05:22:24 DEBUG BrowserUitl.getDriver():12 - Start - You are in the method WebActions.openUrl()
2024-03-16 05:22:25 DEBUG BrowserUitl.getDriver():15 - End - You are in the method WebActions.openUrl()
2024-03-16 05:24:10 DEBUG BrowserUitl.getDriver():11 - testing
2024-03-16 05:24:10 DEBUG BrowserUitl.getDriver():22 - Launching the browser driver of type :=null
2024-03-16 05:24:10 DEBUG BrowserUitl.getDriver():24 - Browser value is null. So launching the browser with default as firefox
2024-03-16 05:24:13 DEBUG BrowserUitl.getDriver():11 - testing
2024-03-16 05:24:13 DEBUG BrowserUitl.getDriver():12 - Start - You are in the method WebActions.openUrl()
2024-03-16 05:24:14 DEBUG BrowserUitl.getDriver():15 - End - You are in the method WebActions.openUrl()
2024-03-16 05:25:25 DEBUG BrowserUitl.getDriver():11 - testing
2024-03-16 05:25:25 DEBUG BrowserUitl.getDriver():22 - Launching the browser driver of type :=null
2024-03-16 05:25:25 DEBUG BrowserUitl.getDriver():24 - Browser value is null. So launching the browser with default as firefox
2024-03-16 05:25:27 DEBUG BrowserUitl.getDriver():11 - testing
2024-03-16 05:25:27 DEBUG BrowserUitl.getDriver():12 - Start - You are in the method WebActions.openUrl()
2024-03-16 05:25:28 DEBUG BrowserUitl.getDriver():15 - End - You are in the method WebActions.openUrl()
2024-03-16 05:27:29 DEBUG BrowserUitl.getDriver():11 - testing
2024-03-16 05:27:29 DEBUG BrowserUitl.getDriver():22 - Launching the browser driver of type :=null
2024-03-16 05:27:29 DEBUG BrowserUitl.getDriver():24 - Browser value is null. So launching the browser with default as firefox
2024-03-16 05:27:48 DEBUG BrowserUitl.getDriver():11 - testing
2024-03-16 05:27:48 DEBUG BrowserUitl.getDriver():22 - Launching the browser driver of type :=null
2024-03-16 05:27:48 DEBUG BrowserUitl.getDriver():24 - Browser value is null. So launching the browser with default as firefox
2024-03-16 05:27:50 DEBUG BrowserUitl.getDriver():11 - testing
2024-03-16 05:27:50 DEBUG BrowserUitl.getDriver():12 - Start - You are in the method WebActions.openUrl()
2024-03-16 05:27:51 DEBUG BrowserUitl.getDriver():15 - End - You are in the method WebActions.openUrl()
2024-03-16 05:27:52 DEBUG BrowserUitl.getDriver():11 - testing
2024-03-16 05:27:52 DEBUG BrowserUitl.getDriver():22 - Launching the browser driver of type :=null
2024-03-16 05:27:52 DEBUG BrowserUitl.getDriver():24 - Browser value is null. So launching the browser with default as firefox
2024-03-16 05:27:54 DEBUG BrowserUitl.getDriver():11 - testing
2024-03-16 05:27:54 DEBUG BrowserUitl.getDriver():12 - Start - You are in the method WebActions.openUrl()
2024-03-16 05:27:55 DEBUG BrowserUitl.getDriver():15 - End - You are in the method WebActions.openUrl()
2024-03-16 05:27:56 DEBUG BrowserUitl.getDriver():11 - testing
2024-03-16 05:27:56 DEBUG BrowserUitl.getDriver():22 - Launching the browser driver of type :=null
2024-03-16 05:27:56 DEBUG BrowserUitl.getDriver():24 - Browser value is null. So launching the browser with default as firefox
2024-03-16 05:27:57 DEBUG BrowserUitl.getDriver():11 - testing
2024-03-16 05:27:57 DEBUG BrowserUitl.getDriver():12 - Start - You are in the method WebActions.openUrl()
2024-03-16 05:27:58 DEBUG BrowserUitl.getDriver():15 - End - You are in the method WebActions.openUrl()
2024-03-16 05:31:24 DEBUG BrowserUitl.getDriver():11 - testing
2024-03-16 05:31:24 DEBUG BrowserUitl.getDriver():22 - Launching the browser driver of type :=null
2024-03-16 05:31:24 DEBUG BrowserUitl.getDriver():24 - Browser value is null. So launching the browser with default as firefox
2024-03-16 05:31:26 DEBUG BrowserUitl.getDriver():11 - testing
2024-03-16 05:31:26 DEBUG BrowserUitl.getDriver():12 - Start - You are in the method WebActions.openUrl()
2024-03-16 05:31:28 DEBUG BrowserUitl.getDriver():15 - End - You are in the method WebActions.openUrl()
2024-03-16 05:31:29 DEBUG BrowserUitl.getDriver():11 - testing
2024-03-16 05:31:29 DEBUG BrowserUitl.getDriver():22 - Launching the browser driver of type :=null
2024-03-16 05:31:29 DEBUG BrowserUitl.getDriver():24 - Browser value is null. So launching the browser with default as firefox
2024-03-16 05:31:30 DEBUG BrowserUitl.getDriver():11 - testing
2024-03-16 05:31:30 DEBUG BrowserUitl.getDriver():12 - Start - You are in the method WebActions.openUrl()
2024-03-16 05:31:32 DEBUG BrowserUitl.getDriver():15 - End - You are in the method WebActions.openUrl()
2024-03-16 05:31:33 DEBUG BrowserUitl.getDriver():11 - testing
2024-03-16 05:31:33 DEBUG BrowserUitl.getDriver():22 - Launching the browser driver of type :=null
2024-03-16 05:31:33 DEBUG BrowserUitl.getDriver():24 - Browser value is null. So launching the browser with default as firefox
2024-03-16 05:31:34 DEBUG BrowserUitl.getDriver():11 - testing
2024-03-16 05:31:34 DEBUG BrowserUitl.getDriver():12 - Start - You are in the method WebActions.openUrl()
2024-03-16 05:31:36 DEBUG BrowserUitl.getDriver():15 - End - You are in the method WebActions.openUrl()
2024-03-16 05:33:37 DEBUG BrowserUitl.getDriver():11 - testing
2024-03-16 05:33:37 DEBUG BrowserUitl.getDriver():22 - Launching the browser driver of type :=null
2024-03-16 05:33:37 DEBUG BrowserUitl.getDriver():24 - Browser value is null. So launching the browser with default as firefox
2024-03-16 05:33:40 DEBUG BrowserUitl.getDriver():11 - testing
2024-03-16 05:33:40 DEBUG BrowserUitl.getDriver():12 - Start - You are in the method WebActions.openUrl()
2024-03-16 05:33:41 DEBUG BrowserUitl.getDriver():15 - End - You are in the method WebActions.openUrl()
